# JRE version: Java(TM) SE Runtime Environment (8.0_171-b11) (build 1.8.0_171-b11)
# Java VM: Java HotSpot(TM) 64-Bit Server VM (25.171-b11 mixed mode windows-amd64 compressed oops)
Heap:
 PSYoungGen      total 657408K, used 30333K [0x00000000d6700000, 0x00000000ffe80000, 0x0000000100000000)
  eden space 635392K, 3% used [0x00000000d6700000,0x00000000d7fbb418,0x00000000fd380000)
  from space 22016K, 22% used [0x00000000fe900000,0x00000000fede4020,0x00000000ffe80000)
  to   space 22016K, 0% used [0x00000000fd380000,0x00000000fd380000,0x00000000fe900000)
 ParOldGen       total 92160K, used 42212K [0x0000000083400000, 0x0000000088e00000, 0x00000000d6700000)
  object space 92160K, 45% used [0x0000000083400000,0x0000000085d39020,0x0000000088e00000)
 Metaspace       used 26792K, capacity 27458K, committed 27520K, reserved 1073152K
  class space    used 2981K, capacity 3180K, committed 3200K, reserved 1048576K
GC Heap History (10 events):
Event: 22.624 GC heap before
{Heap before GC invocations=12 (full 2):
 PSYoungGen      total 359424K, used 8634K [0x00000000d6700000, 0x00000000ee080000, 0x0000000100000000)
  eden space 335360K, 0% used [0x00000000d6700000,0x00000000d6700000,0x00000000eae80000)
  from space 24064K, 35% used [0x00000000ec500000,0x00000000ecd6eaf0,0x00000000edc80000)
  to   space 23040K, 0% used [0x00000000eae80000,0x00000000eae80000,0x00000000ec500000)
 ParOldGen       total 52736K, used 47065K [0x0000000083400000, 0x0000000086780000, 0x00000000d6700000)
  object space 52736K, 89% used [0x0000000083400000,0x00000000861f67f8,0x0000000086780000)
 Metaspace       used 26780K, capacity 27458K, committed 27520K, reserved 1073152K
  class space    used 2981K, capacity 3180K, committed 3200K, reserved 1048576K
Event: 22.905 GC heap after
Heap after GC invocations=12 (full 2):
 PSYoungGen      total 359424K, used 0K [0x00000000d6700000, 0x00000000ee080000, 0x0000000100000000)
  eden space 335360K, 0% used [0x00000000d6700000,0x00000000d6700000,0x00000000eae80000)
  from space 24064K, 0% used [0x00000000ec500000,0x00000000ec500000,0x00000000edc80000)
  to   space 23040K, 0% used [0x00000000eae80000,0x00000000eae80000,0x00000000ec500000)
 ParOldGen       total 92160K, used 28737K [0x0000000083400000, 0x0000000088e00000, 0x00000000d6700000)
  object space 92160K, 31% used [0x0000000083400000,0x0000000085010740,0x0000000088e00000)
 Metaspace       used 26780K, capacity 27458K, committed 27520K, reserved 1073152K
  class space    used 2981K, capacity 3180K, committed 3200K, reserved 1048576K
}
Event: 24.142 GC heap before
{Heap before GC invocations=13 (full 2):
 PSYoungGen      total 359424K, used 335360K [0x00000000d6700000, 0x00000000ee080000, 0x0000000100000000)
  eden space 335360K, 100% used [0x00000000d6700000,0x00000000eae80000,0x00000000eae80000)
  from space 24064K, 0% used [0x00000000ec500000,0x00000000ec500000,0x00000000edc80000)
  to   space 23040K, 0% used [0x00000000eae80000,0x00000000eae80000,0x00000000ec500000)
 ParOldGen       total 92160K, used 28737K [0x0000000083400000, 0x0000000088e00000, 0x00000000d6700000)
  object space 92160K, 31% used [0x0000000083400000,0x0000000085010740,0x0000000088e00000)
 Metaspace       used 26787K, capacity 27458K, committed 27520K, reserved 1073152K
  class space    used 2981K, capacity 3180K, committed 3200K, reserved 1048576K
Event: 24.164 GC heap after
Heap after GC invocations=13 (full 2):
 PSYoungGen      total 358400K, used 5072K [0x00000000d6700000, 0x00000000f6c00000, 0x0000000100000000)
  eden space 335360K, 0% used [0x00000000d6700000,0x00000000d6700000,0x00000000eae80000)
  from space 23040K, 22% used [0x00000000eae80000,0x00000000eb374050,0x00000000ec500000)
  to   space 23040K, 0% used [0x00000000f5580000,0x00000000f5580000,0x00000000f6c00000)
 ParOldGen       total 92160K, used 28737K [0x0000000083400000, 0x0000000088e00000, 0x00000000d6700000)
  object space 92160K, 31% used [0x0000000083400000,0x0000000085010740,0x0000000088e00000)
 Metaspace       used 26787K, capacity 27458K, committed 27520K, reserved 1073152K
  class space    used 2981K, capacity 3180K, committed 3200K, reserved 1048576K
}
Event: 25.409 GC heap before
{Heap before GC invocations=14 (full 2):
 PSYoungGen      total 358400K, used 340432K [0x00000000d6700000, 0x00000000f6c00000, 0x0000000100000000)
  eden space 335360K, 100% used [0x00000000d6700000,0x00000000eae80000,0x00000000eae80000)
  from space 23040K, 22% used [0x00000000eae80000,0x00000000eb374050,0x00000000ec500000)
  to   space 23040K, 0% used [0x00000000f5580000,0x00000000f5580000,0x00000000f6c00000)
 ParOldGen       total 92160K, used 28737K [0x0000000083400000, 0x0000000088e00000, 0x00000000d6700000)
  object space 92160K, 31% used [0x0000000083400000,0x0000000085010740,0x0000000088e00000)
 Metaspace       used 26790K, capacity 27458K, committed 27520K, reserved 1073152K
  class space    used 2981K, capacity 3180K, committed 3200K, reserved 1048576K
Event: 25.531 GC heap after
Heap after GC invocations=14 (full 2):
 PSYoungGen      total 506368K, used 3792K [0x00000000d6700000, 0x00000000f7200000, 0x0000000100000000)
  eden space 483328K, 0% used [0x00000000d6700000,0x00000000d6700000,0x00000000f3f00000)
  from space 23040K, 16% used [0x00000000f5580000,0x00000000f5934010,0x00000000f6c00000)
  to   space 23040K, 0% used [0x00000000f3f00000,0x00000000f3f00000,0x00000000f5580000)
 ParOldGen       total 92160K, used 33669K [0x0000000083400000, 0x0000000088e00000, 0x00000000d6700000)
  object space 92160K, 36% used [0x0000000083400000,0x00000000854e17f0,0x0000000088e00000)
 Metaspace       used 26790K, capacity 27458K, committed 27520K, reserved 1073152K
  class space    used 2981K, capacity 3180K, committed 3200K, reserved 1048576K
}
Event: 27.129 GC heap before
{Heap before GC invocations=15 (full 2):
 PSYoungGen      total 506368K, used 487120K [0x00000000d6700000, 0x00000000f7200000, 0x0000000100000000)
  eden space 483328K, 100% used [0x00000000d6700000,0x00000000f3f00000,0x00000000f3f00000)
  from space 23040K, 16% used [0x00000000f5580000,0x00000000f5934010,0x00000000f6c00000)
  to   space 23040K, 0% used [0x00000000f3f00000,0x00000000f3f00000,0x00000000f5580000)
 ParOldGen       total 92160K, used 33669K [0x0000000083400000, 0x0000000088e00000, 0x00000000d6700000)
  object space 92160K, 36% used [0x0000000083400000,0x00000000854e17f0,0x0000000088e00000)
 Metaspace       used 26792K, capacity 27458K, committed 27520K, reserved 1073152K
  class space    used 2981K, capacity 3180K, committed 3200K, reserved 1048576K
Event: 27.180 GC heap after
Heap after GC invocations=15 (full 2):
 PSYoungGen      total 506368K, used 5074K [0x00000000d6700000, 0x00000000fff00000, 0x0000000100000000)
  eden space 483328K, 0% used [0x00000000d6700000,0x00000000d6700000,0x00000000f3f00000)
  from space 23040K, 22% used [0x00000000f3f00000,0x00000000f43f4a58,0x00000000f5580000)
  to   space 22528K, 0% used [0x00000000fe900000,0x00000000fe900000,0x00000000fff00000)
 ParOldGen       total 92160K, used 37307K [0x0000000083400000, 0x0000000088e00000, 0x00000000d6700000)
  object space 92160K, 40% used [0x0000000083400000,0x000000008586ef50,0x0000000088e00000)
 Metaspace       used 26792K, capacity 27458K, committed 27520K, reserved 1073152K
  class space    used 2981K, capacity 3180K, committed 3200K, reserved 1048576K
}
Event: 28.811 GC heap before
{Heap before GC invocations=16 (full 2):
 PSYoungGen      total 506368K, used 488402K [0x00000000d6700000, 0x00000000fff00000, 0x0000000100000000)
  eden space 483328K, 100% used [0x00000000d6700000,0x00000000f3f00000,0x00000000f3f00000)
  from space 23040K, 22% used [0x00000000f3f00000,0x00000000f43f4a58,0x00000000f5580000)
  to   space 22528K, 0% used [0x00000000fe900000,0x00000000fe900000,0x00000000fff00000)
 ParOldGen       total 92160K, used 37307K [0x0000000083400000, 0x0000000088e00000, 0x00000000d6700000)
  object space 92160K, 40% used [0x0000000083400000,0x000000008586ef50,0x0000000088e00000)
 Metaspace       used 26792K, capacity 27458K, committed 27520K, reserved 1073152K
  class space    used 2981K, capacity 3180K, committed 3200K, reserved 1048576K
Event: 28.996 GC heap after
Heap after GC invocations=16 (full 2):
 PSYoungGen      total 657408K, used 5008K [0x00000000d6700000, 0x00000000ffe80000, 0x0000000100000000)
  eden space 635392K, 0% used [0x00000000d6700000,0x00000000d6700000,0x00000000fd380000)
  from space 22016K, 22% used [0x00000000fe900000,0x00000000fede4020,0x00000000ffe80000)
  to   space 22016K, 0% used [0x00000000fd380000,0x00000000fd380000,0x00000000fe900000)
 ParOldGen       total 92160K, used 42212K [0x0000000083400000, 0x0000000088e00000, 0x00000000d6700000)
  object space 92160K, 45% used [0x0000000083400000,0x0000000085d39020,0x0000000088e00000)
 Metaspace       used 26792K, capacity 27458K, committed 27520K, reserved 1073152K
  class space    used 2981K, capacity 3180K, committed 3200K, reserved 1048576K
}

