# JRE version: Java(TM) SE Runtime Environment (8.0_171-b11) (build 1.8.0_171-b11)
# Java VM: Java HotSpot(TM) 64-Bit Server VM (25.171-b11 mixed mode windows-amd64 compressed oops)
Heap:
 PSYoungGen      total 360448K, used 137895K [0x00000000d6700000, 0x00000000ee100000, 0x0000000100000000)
  eden space 336896K, 39% used [0x00000000d6700000,0x00000000dea85d78,0x00000000eb000000)
  from space 23552K, 13% used [0x00000000ec700000,0x00000000eca24030,0x00000000ede00000)
  to   space 23552K, 0% used [0x00000000eb000000,0x00000000eb000000,0x00000000ec700000)
 ParOldGen       total 90624K, used 39742K [0x0000000083400000, 0x0000000088c80000, 0x00000000d6700000)
  object space 90624K, 43% used [0x0000000083400000,0x0000000085acfbd8,0x0000000088c80000)
 Metaspace       used 26672K, capacity 27330K, committed 27520K, reserved 1073152K
  class space    used 2978K, capacity 3180K, committed 3200K, reserved 1048576K
GC Heap History (10 events):
Event: 15.751 GC heap before
{Heap before GC invocations=12 (full 2):
 PSYoungGen      total 360448K, used 7626K [0x00000000d6700000, 0x00000000ee100000, 0x0000000100000000)
  eden space 336896K, 0% used [0x00000000d6700000,0x00000000d6700000,0x00000000eb000000)
  from space 23552K, 32% used [0x00000000ec700000,0x00000000ece72ab0,0x00000000ede00000)
  to   space 23552K, 0% used [0x00000000eb000000,0x00000000eb000000,0x00000000ec700000)
 ParOldGen       total 53248K, used 43793K [0x0000000083400000, 0x0000000086800000, 0x00000000d6700000)
  object space 53248K, 82% used [0x0000000083400000,0x0000000085ec4768,0x0000000086800000)
 Metaspace       used 26642K, capacity 27266K, committed 27520K, reserved 1073152K
  class space    used 2978K, capacity 3180K, committed 3200K, reserved 1048576K
Event: 15.894 GC heap after
Heap after GC invocations=12 (full 2):
 PSYoungGen      total 360448K, used 0K [0x00000000d6700000, 0x00000000ee100000, 0x0000000100000000)
  eden space 336896K, 0% used [0x00000000d6700000,0x00000000d6700000,0x00000000eb000000)
  from space 23552K, 0% used [0x00000000ec700000,0x00000000ec700000,0x00000000ede00000)
  to   space 23552K, 0% used [0x00000000eb000000,0x00000000eb000000,0x00000000ec700000)
 ParOldGen       total 90624K, used 27732K [0x0000000083400000, 0x0000000088c80000, 0x00000000d6700000)
  object space 90624K, 30% used [0x0000000083400000,0x0000000084f15318,0x0000000088c80000)
 Metaspace       used 26642K, capacity 27266K, committed 27520K, reserved 1073152K
  class space    used 2978K, capacity 3180K, committed 3200K, reserved 1048576K
}
Event: 16.900 GC heap before
{Heap before GC invocations=13 (full 2):
 PSYoungGen      total 360448K, used 336896K [0x00000000d6700000, 0x00000000ee100000, 0x0000000100000000)
  eden space 336896K, 100% used [0x00000000d6700000,0x00000000eb000000,0x00000000eb000000)
  from space 23552K, 0% used [0x00000000ec700000,0x00000000ec700000,0x00000000ede00000)
  to   space 23552K, 0% used [0x00000000eb000000,0x00000000eb000000,0x00000000ec700000)
 ParOldGen       total 90624K, used 27732K [0x0000000083400000, 0x0000000088c80000, 0x00000000d6700000)
  object space 90624K, 30% used [0x0000000083400000,0x0000000084f15318,0x0000000088c80000)
 Metaspace       used 26666K, capacity 27266K, committed 27520K, reserved 1073152K
  class space    used 2978K, capacity 3180K, committed 3200K, reserved 1048576K
Event: 16.930 GC heap after
Heap after GC invocations=13 (full 2):
 PSYoungGen      total 360448K, used 5120K [0x00000000d6700000, 0x00000000ee100000, 0x0000000100000000)
  eden space 336896K, 0% used [0x00000000d6700000,0x00000000d6700000,0x00000000eb000000)
  from space 23552K, 21% used [0x00000000eb000000,0x00000000eb500040,0x00000000ec700000)
  to   space 23552K, 0% used [0x00000000ec700000,0x00000000ec700000,0x00000000ede00000)
 ParOldGen       total 90624K, used 27732K [0x0000000083400000, 0x0000000088c80000, 0x00000000d6700000)
  object space 90624K, 30% used [0x0000000083400000,0x0000000084f15318,0x0000000088c80000)
 Metaspace       used 26666K, capacity 27266K, committed 27520K, reserved 1073152K
  class space    used 2978K, capacity 3180K, committed 3200K, reserved 1048576K
}
Event: 17.825 GC heap before
{Heap before GC invocations=14 (full 2):
 PSYoungGen      total 360448K, used 342016K [0x00000000d6700000, 0x00000000ee100000, 0x0000000100000000)
  eden space 336896K, 100% used [0x00000000d6700000,0x00000000eb000000,0x00000000eb000000)
  from space 23552K, 21% used [0x00000000eb000000,0x00000000eb500040,0x00000000ec700000)
  to   space 23552K, 0% used [0x00000000ec700000,0x00000000ec700000,0x00000000ede00000)
 ParOldGen       total 90624K, used 27732K [0x0000000083400000, 0x0000000088c80000, 0x00000000d6700000)
  object space 90624K, 30% used [0x0000000083400000,0x0000000084f15318,0x0000000088c80000)
 Metaspace       used 26670K, capacity 27330K, committed 27520K, reserved 1073152K
  class space    used 2978K, capacity 3180K, committed 3200K, reserved 1048576K
Event: 17.890 GC heap after
Heap after GC invocations=14 (full 2):
 PSYoungGen      total 360448K, used 3888K [0x00000000d6700000, 0x00000000ee100000, 0x0000000100000000)
  eden space 336896K, 0% used [0x00000000d6700000,0x00000000d6700000,0x00000000eb000000)
  from space 23552K, 16% used [0x00000000ec700000,0x00000000ecacc010,0x00000000ede00000)
  to   space 23552K, 0% used [0x00000000eb000000,0x00000000eb000000,0x00000000ec700000)
 ParOldGen       total 90624K, used 32676K [0x0000000083400000, 0x0000000088c80000, 0x00000000d6700000)
  object space 90624K, 36% used [0x0000000083400000,0x00000000853e93b8,0x0000000088c80000)
 Metaspace       used 26670K, capacity 27330K, committed 27520K, reserved 1073152K
  class space    used 2978K, capacity 3180K, committed 3200K, reserved 1048576K
}
Event: 18.594 GC heap before
{Heap before GC invocations=15 (full 2):
 PSYoungGen      total 360448K, used 340784K [0x00000000d6700000, 0x00000000ee100000, 0x0000000100000000)
  eden space 336896K, 100% used [0x00000000d6700000,0x00000000eb000000,0x00000000eb000000)
  from space 23552K, 16% used [0x00000000ec700000,0x00000000ecacc010,0x00000000ede00000)
  to   space 23552K, 0% used [0x00000000eb000000,0x00000000eb000000,0x00000000ec700000)
 ParOldGen       total 90624K, used 32676K [0x0000000083400000, 0x0000000088c80000, 0x00000000d6700000)
  object space 90624K, 36% used [0x0000000083400000,0x00000000853e93b8,0x0000000088c80000)
 Metaspace       used 26670K, capacity 27330K, committed 27520K, reserved 1073152K
  class space    used 2978K, capacity 3180K, committed 3200K, reserved 1048576K
Event: 18.622 GC heap after
Heap after GC invocations=15 (full 2):
 PSYoungGen      total 360448K, used 3408K [0x00000000d6700000, 0x00000000ee100000, 0x0000000100000000)
  eden space 336896K, 0% used [0x00000000d6700000,0x00000000d6700000,0x00000000eb000000)
  from space 23552K, 14% used [0x00000000eb000000,0x00000000eb354040,0x00000000ec700000)
  to   space 23552K, 0% used [0x00000000ec700000,0x00000000ec700000,0x00000000ede00000)
 ParOldGen       total 90624K, used 36470K [0x0000000083400000, 0x0000000088c80000, 0x00000000d6700000)
  object space 90624K, 40% used [0x0000000083400000,0x000000008579db38,0x0000000088c80000)
 Metaspace       used 26670K, capacity 27330K, committed 27520K, reserved 1073152K
  class space    used 2978K, capacity 3180K, committed 3200K, reserved 1048576K
}
Event: 19.282 GC heap before
{Heap before GC invocations=16 (full 2):
 PSYoungGen      total 360448K, used 340304K [0x00000000d6700000, 0x00000000ee100000, 0x0000000100000000)
  eden space 336896K, 100% used [0x00000000d6700000,0x00000000eb000000,0x00000000eb000000)
  from space 23552K, 14% used [0x00000000eb000000,0x00000000eb354040,0x00000000ec700000)
  to   space 23552K, 0% used [0x00000000ec700000,0x00000000ec700000,0x00000000ede00000)
 ParOldGen       total 90624K, used 36470K [0x0000000083400000, 0x0000000088c80000, 0x00000000d6700000)
  object space 90624K, 40% used [0x0000000083400000,0x000000008579db38,0x0000000088c80000)
 Metaspace       used 26672K, capacity 27330K, committed 27520K, reserved 1073152K
  class space    used 2978K, capacity 3180K, committed 3200K, reserved 1048576K
Event: 19.341 GC heap after
Heap after GC invocations=16 (full 2):
 PSYoungGen      total 360448K, used 3216K [0x00000000d6700000, 0x00000000ee100000, 0x0000000100000000)
  eden space 336896K, 0% used [0x00000000d6700000,0x00000000d6700000,0x00000000eb000000)
  from space 23552K, 13% used [0x00000000ec700000,0x00000000eca24030,0x00000000ede00000)
  to   space 23552K, 0% used [0x00000000eb000000,0x00000000eb000000,0x00000000ec700000)
 ParOldGen       total 90624K, used 39742K [0x0000000083400000, 0x0000000088c80000, 0x00000000d6700000)
  object space 90624K, 43% used [0x0000000083400000,0x0000000085acfbd8,0x0000000088c80000)
 Metaspace       used 26672K, capacity 27330K, committed 27520K, reserved 1073152K
  class space    used 2978K, capacity 3180K, committed 3200K, reserved 1048576K
}

