# JRE version: Java(TM) SE Runtime Environment (8.0_171-b11) (build 1.8.0_171-b11)
# Java VM: Java HotSpot(TM) 64-Bit Server VM (25.171-b11 mixed mode windows-amd64 compressed oops)
Heap:
 PSYoungGen      total 259584K, used 125998K [0x00000000d6700000, 0x00000000eed00000, 0x0000000100000000)
  eden space 234496K, 53% used [0x00000000d6700000,0x00000000de20b870,0x00000000e4c00000)
  from space 25088K, 0% used [0x00000000e4c00000,0x00000000e4c00000,0x00000000e6480000)
  to   space 27136K, 0% used [0x00000000ed280000,0x00000000ed280000,0x00000000eed00000)
 ParOldGen       total 95232K, used 28042K [0x0000000083400000, 0x0000000089100000, 0x00000000d6700000)
  object space 95232K, 29% used [0x0000000083400000,0x0000000084f62a40,0x0000000089100000)
 Metaspace       used 26764K, capacity 27330K, committed 27520K, reserved 1073152K
  class space    used 2980K, capacity 3180K, committed 3200K, reserved 1048576K
GC Heap History (10 events):
Event: 13.433 GC heap before
{Heap before GC invocations=7 (full 1):
 PSYoungGen      total 136192K, used 131072K [0x00000000d6700000, 0x00000000e7d00000, 0x0000000100000000)
  eden space 131072K, 100% used [0x00000000d6700000,0x00000000de700000,0x00000000de700000)
  from space 5120K, 0% used [0x00000000de700000,0x00000000de700000,0x00000000dec00000)
  to   space 11264K, 0% used [0x00000000e7200000,0x00000000e7200000,0x00000000e7d00000)
 ParOldGen       total 60416K, used 12500K [0x0000000083400000, 0x0000000086f00000, 0x00000000d6700000)
  object space 60416K, 20% used [0x0000000083400000,0x0000000084035290,0x0000000086f00000)
 Metaspace       used 23292K, capacity 23632K, committed 23936K, reserved 1071104K
  class space    used 2693K, capacity 2830K, committed 2944K, reserved 1048576K
Event: 13.513 GC heap after
Heap after GC invocations=7 (full 1):
 PSYoungGen      total 230912K, used 11240K [0x00000000d6700000, 0x00000000e7d00000, 0x0000000100000000)
  eden space 219648K, 0% used [0x00000000d6700000,0x00000000d6700000,0x00000000e3d80000)
  from space 11264K, 99% used [0x00000000e7200000,0x00000000e7cfa388,0x00000000e7d00000)
  to   space 25088K, 0% used [0x00000000e4c00000,0x00000000e4c00000,0x00000000e6480000)
 ParOldGen       total 60416K, used 34646K [0x0000000083400000, 0x0000000086f00000, 0x00000000d6700000)
  object space 60416K, 57% used [0x0000000083400000,0x00000000855d5b80,0x0000000086f00000)
 Metaspace       used 23292K, capacity 23632K, committed 23936K, reserved 1071104K
  class space    used 2693K, capacity 2830K, committed 2944K, reserved 1048576K
}
Event: 22.153 GC heap before
{Heap before GC invocations=8 (full 1):
 PSYoungGen      total 230912K, used 230888K [0x00000000d6700000, 0x00000000e7d00000, 0x0000000100000000)
  eden space 219648K, 100% used [0x00000000d6700000,0x00000000e3d80000,0x00000000e3d80000)
  from space 11264K, 99% used [0x00000000e7200000,0x00000000e7cfa388,0x00000000e7d00000)
  to   space 25088K, 0% used [0x00000000e4c00000,0x00000000e4c00000,0x00000000e6480000)
 ParOldGen       total 60416K, used 34646K [0x0000000083400000, 0x0000000086f00000, 0x00000000d6700000)
  object space 60416K, 57% used [0x0000000083400000,0x00000000855d5b80,0x0000000086f00000)
 Metaspace       used 24320K, capacity 24720K, committed 24960K, reserved 1071104K
  class space    used 2730K, capacity 2894K, committed 2944K, reserved 1048576K
Event: 22.361 GC heap after
Heap after GC invocations=8 (full 1):
 PSYoungGen      total 259584K, used 16077K [0x00000000d6700000, 0x00000000ef900000, 0x0000000100000000)
  eden space 234496K, 0% used [0x00000000d6700000,0x00000000d6700000,0x00000000e4c00000)
  from space 25088K, 64% used [0x00000000e4c00000,0x00000000e5bb37d8,0x00000000e6480000)
  to   space 25600K, 0% used [0x00000000ee000000,0x00000000ee000000,0x00000000ef900000)
 ParOldGen       total 60416K, used 34654K [0x0000000083400000, 0x0000000086f00000, 0x00000000d6700000)
  object space 60416K, 57% used [0x0000000083400000,0x00000000855d7b80,0x0000000086f00000)
 Metaspace       used 24320K, capacity 24720K, committed 24960K, reserved 1071104K
  class space    used 2730K, capacity 2894K, committed 2944K, reserved 1048576K
}
Event: 26.864 GC heap before
{Heap before GC invocations=9 (full 1):
 PSYoungGen      total 259584K, used 250573K [0x00000000d6700000, 0x00000000ef900000, 0x0000000100000000)
  eden space 234496K, 100% used [0x00000000d6700000,0x00000000e4c00000,0x00000000e4c00000)
  from space 25088K, 64% used [0x00000000e4c00000,0x00000000e5bb37d8,0x00000000e6480000)
  to   space 25600K, 0% used [0x00000000ee000000,0x00000000ee000000,0x00000000ef900000)
 ParOldGen       total 60416K, used 34654K [0x0000000083400000, 0x0000000086f00000, 0x00000000d6700000)
  object space 60416K, 57% used [0x0000000083400000,0x00000000855d7b80,0x0000000086f00000)
 Metaspace       used 26709K, capacity 27330K, committed 27520K, reserved 1073152K
  class space    used 2980K, capacity 3180K, committed 3200K, reserved 1048576K
Event: 27.349 GC heap after
Heap after GC invocations=9 (full 1):
 PSYoungGen      total 260096K, used 22286K [0x00000000d6700000, 0x00000000ef900000, 0x0000000100000000)
  eden space 234496K, 0% used [0x00000000d6700000,0x00000000d6700000,0x00000000e4c00000)
  from space 25600K, 87% used [0x00000000ee000000,0x00000000ef5c3a90,0x00000000ef900000)
  to   space 25088K, 0% used [0x00000000e4c00000,0x00000000e4c00000,0x00000000e6480000)
 ParOldGen       total 60416K, used 34654K [0x0000000083400000, 0x0000000086f00000, 0x00000000d6700000)
  object space 60416K, 57% used [0x0000000083400000,0x00000000855d7b80,0x0000000086f00000)
 Metaspace       used 26709K, capacity 27330K, committed 27520K, reserved 1073152K
  class space    used 2980K, capacity 3180K, committed 3200K, reserved 1048576K
}
Event: 28.044 GC heap before
{Heap before GC invocations=10 (full 1):
 PSYoungGen      total 260096K, used 256782K [0x00000000d6700000, 0x00000000ef900000, 0x0000000100000000)
  eden space 234496K, 100% used [0x00000000d6700000,0x00000000e4c00000,0x00000000e4c00000)
  from space 25600K, 87% used [0x00000000ee000000,0x00000000ef5c3a90,0x00000000ef900000)
  to   space 25088K, 0% used [0x00000000e4c00000,0x00000000e4c00000,0x00000000e6480000)
 ParOldGen       total 60416K, used 34654K [0x0000000083400000, 0x0000000086f00000, 0x00000000d6700000)
  object space 60416K, 57% used [0x0000000083400000,0x00000000855d7b80,0x0000000086f00000)
 Metaspace       used 26762K, capacity 27330K, committed 27520K, reserved 1073152K
  class space    used 2980K, capacity 3180K, committed 3200K, reserved 1048576K
Event: 28.225 GC heap after
Heap after GC invocations=10 (full 1):
 PSYoungGen      total 259584K, used 11579K [0x00000000d6700000, 0x00000000eed00000, 0x0000000100000000)
  eden space 234496K, 0% used [0x00000000d6700000,0x00000000d6700000,0x00000000e4c00000)
  from space 25088K, 46% used [0x00000000e4c00000,0x00000000e574eec0,0x00000000e6480000)
  to   space 27136K, 0% used [0x00000000ed280000,0x00000000ed280000,0x00000000eed00000)
 ParOldGen       total 60416K, used 45836K [0x0000000083400000, 0x0000000086f00000, 0x00000000d6700000)
  object space 60416K, 75% used [0x0000000083400000,0x00000000860c3020,0x0000000086f00000)
 Metaspace       used 26762K, capacity 27330K, committed 27520K, reserved 1073152K
  class space    used 2980K, capacity 3180K, committed 3200K, reserved 1048576K
}
Event: 28.226 GC heap before
{Heap before GC invocations=11 (full 2):
 PSYoungGen      total 259584K, used 11579K [0x00000000d6700000, 0x00000000eed00000, 0x0000000100000000)
  eden space 234496K, 0% used [0x00000000d6700000,0x00000000d6700000,0x00000000e4c00000)
  from space 25088K, 46% used [0x00000000e4c00000,0x00000000e574eec0,0x00000000e6480000)
  to   space 27136K, 0% used [0x00000000ed280000,0x00000000ed280000,0x00000000eed00000)
 ParOldGen       total 60416K, used 45836K [0x0000000083400000, 0x0000000086f00000, 0x00000000d6700000)
  object space 60416K, 75% used [0x0000000083400000,0x00000000860c3020,0x0000000086f00000)
 Metaspace       used 26762K, capacity 27330K, committed 27520K, reserved 1073152K
  class space    used 2980K, capacity 3180K, committed 3200K, reserved 1048576K
Event: 28.499 GC heap after
Heap after GC invocations=11 (full 2):
 PSYoungGen      total 259584K, used 0K [0x00000000d6700000, 0x00000000eed00000, 0x0000000100000000)
  eden space 234496K, 0% used [0x00000000d6700000,0x00000000d6700000,0x00000000e4c00000)
  from space 25088K, 0% used [0x00000000e4c00000,0x00000000e4c00000,0x00000000e6480000)
  to   space 27136K, 0% used [0x00000000ed280000,0x00000000ed280000,0x00000000eed00000)
 ParOldGen       total 95232K, used 28042K [0x0000000083400000, 0x0000000089100000, 0x00000000d6700000)
  object space 95232K, 29% used [0x0000000083400000,0x0000000084f62a40,0x0000000089100000)
 Metaspace       used 26762K, capacity 27330K, committed 27520K, reserved 1073152K
  class space    used 2980K, capacity 3180K, committed 3200K, reserved 1048576K
}

